PepiTalk/app/build/intermediates/manifest_merge_blame_file/debug/processDebugMainManifest/manifest-merger-blame-debug-report.txt
1<?xml version="1.0" encoding="utf-8"?>
2<manifest xmlns:android="http://schemas.android.com/apk/res/android"
3    package="com.example.pepitalk"
4    android:versionCode="1"
5    android:versionName="1.0" >
6
7    <uses-sdk
8        android:minSdkVersion="30"
9        android:targetSdkVersion="34" />
10
11    <permission
11-->[androidx.core:core:1.13.1] AndroidManifest.xml:22:5-24:47
12        android:name="com.example.pepitalk.DYNAMIC_RECEIVER_NOT_EXPORTED_PERMISSION"
12-->[androidx.core:core:1.13.1] AndroidManifest.xml:23:9-81
13        android:protectionLevel="signature" />
13-->[androidx.core:core:1.13.1] AndroidManifest.xml:24:9-44
14
15    <uses-permission android:name="com.example.pepitalk.DYNAMIC_RECEIVER_NOT_EXPORTED_PERMISSION" />
15-->[androidx.core:core:1.13.1] AndroidManifest.xml:26:5-97
15-->[androidx.core:core:1.13.1] AndroidManifest.xml:26:22-94
16
17    <application
17-->src\main\AndroidManifest.xml:5:5-116:19
18        android:allowBackup="true"
18-->src\main\AndroidManifest.xml:6:9-35
19        android:appComponentFactory="androidx.core.app.CoreComponentFactory"
19-->[androidx.core:core:1.13.1] AndroidManifest.xml:28:18-86
20        android:dataExtractionRules="@xml/data_extraction_rules"
20-->src\main\AndroidManifest.xml:7:9-65
21        android:debuggable="true"
22        android:extractNativeLibs="false"
23        android:fullBackupContent="@xml/backup_rules"
23-->src\main\AndroidManifest.xml:8:9-54
24        android:icon="@mipmap/ic_launcher"
24-->src\main\AndroidManifest.xml:9:9-43
25        android:label="@string/app_name"
25-->src\main\AndroidManifest.xml:10:9-41
26        android:roundIcon="@mipmap/ic_launcher_round"
26-->src\main\AndroidManifest.xml:11:9-54
27        android:supportsRtl="true"
27-->src\main\AndroidManifest.xml:12:9-35
28        android:testOnly="true"
29        android:theme="@style/Theme.PepiTalk" >
29-->src\main\AndroidManifest.xml:13:9-46
30        <activity
30-->src\main\AndroidManifest.xml:15:9-23:20
31            android:name="com.example.pepitalk.VerOfertas"
31-->src\main\AndroidManifest.xml:16:13-39
32            android:exported="true" >
32-->src\main\AndroidManifest.xml:17:13-36
33            <intent-filter>
33-->src\main\AndroidManifest.xml:18:13-22:29
34                <action android:name="android.intent.action.MAIN" />
34-->src\main\AndroidManifest.xml:19:17-69
34-->src\main\AndroidManifest.xml:19:25-66
35
36                <category android:name="android.intent.category.LAUNCHER" />
36-->src\main\AndroidManifest.xml:21:17-77
36-->src\main\AndroidManifest.xml:21:27-74
37            </intent-filter>
38        </activity>
39        <activity
39-->src\main\AndroidManifest.xml:24:9-27:20
40            android:name="com.example.pepitalk.Grupo"
40-->src\main\AndroidManifest.xml:25:13-34
41            android:exported="false" >
41-->src\main\AndroidManifest.xml:26:13-37
42        </activity>
43        <activity
43-->src\main\AndroidManifest.xml:28:9-31:20
44            android:name="com.example.pepitalk.Login"
44-->src\main\AndroidManifest.xml:29:13-34
45            android:exported="false" >
45-->src\main\AndroidManifest.xml:30:13-37
46        </activity>
47        <activity
47-->src\main\AndroidManifest.xml:32:9-35:20
48            android:name="com.example.pepitalk.Oferta"
48-->src\main\AndroidManifest.xml:33:13-35
49            android:exported="false" >
49-->src\main\AndroidManifest.xml:34:13-37
50        </activity>
51        <activity
51-->src\main\AndroidManifest.xml:36:9-39:20
52            android:name="com.example.pepitalk.Registro"
52-->src\main\AndroidManifest.xml:37:13-37
53            android:exported="false" >
53-->src\main\AndroidManifest.xml:38:13-37
54        </activity>
55        <activity
55-->src\main\AndroidManifest.xml:40:9-43:20
56            android:name="com.example.pepitalk.Reunion"
56-->src\main\AndroidManifest.xml:41:13-36
57            android:exported="false" >
57-->src\main\AndroidManifest.xml:42:13-37
58        </activity>
59        <activity
59-->src\main\AndroidManifest.xml:44:9-47:20
60            android:name="com.example.pepitalk.Ruta"
60-->src\main\AndroidManifest.xml:45:13-33
61            android:exported="false" >
61-->src\main\AndroidManifest.xml:46:13-37
62        </activity>
63        <activity
63-->src\main\AndroidManifest.xml:48:9-51:20
64            android:name="com.example.pepitalk.VerOferta"
64-->src\main\AndroidManifest.xml:49:13-38
65            android:exported="false" >
65-->src\main\AndroidManifest.xml:50:13-37
66        </activity>
67        <activity
67-->src\main\AndroidManifest.xml:52:9-55:20
68            android:name="com.example.pepitalk.Perfil"
68-->src\main\AndroidManifest.xml:53:13-35
69            android:exported="false" >
69-->src\main\AndroidManifest.xml:54:13-37
70        </activity>
71        <activity
71-->src\main\AndroidManifest.xml:56:9-59:20
72            android:name="com.example.pepitalk.VerReunion"
72-->src\main\AndroidManifest.xml:57:13-39
73            android:exported="false" >
73-->src\main\AndroidManifest.xml:58:13-37
74        </activity>
75        <activity
75-->src\main\AndroidManifest.xml:60:9-63:20
76            android:name="com.example.pepitalk.VerReuniones"
76-->src\main\AndroidManifest.xml:61:13-41
77            android:exported="false" >
77-->src\main\AndroidManifest.xml:62:13-37
78        </activity>
79        <activity
79-->src\main\AndroidManifest.xml:64:9-67:20
80            android:name="com.example.pepitalk.VerGrupo"
80-->src\main\AndroidManifest.xml:65:13-37
81            android:exported="false" >
81-->src\main\AndroidManifest.xml:66:13-37
82        </activity>
83        <activity
83-->src\main\AndroidManifest.xml:68:9-71:20
84            android:name="com.example.pepitalk.MainActivity"
84-->src\main\AndroidManifest.xml:69:13-41
85            android:exported="false" >
85-->src\main\AndroidManifest.xml:70:13-37
86        </activity>
87        <activity
87-->src\main\AndroidManifest.xml:72:9-75:20
88            android:name="com.example.pepitalk.MenuCliente"
88-->src\main\AndroidManifest.xml:73:13-40
89            android:exported="false" >
89-->src\main\AndroidManifest.xml:74:13-37
90        </activity>
91        <activity
91-->src\main\AndroidManifest.xml:76:9-79:20
92            android:name="com.example.pepitalk.MenuTraductor"
92-->src\main\AndroidManifest.xml:77:13-42
93            android:exported="false" >
93-->src\main\AndroidManifest.xml:78:13-37
94        </activity>
95        <activity
95-->src\main\AndroidManifest.xml:80:9-83:20
96            android:name="com.example.pepitalk.ActualizarCuenta"
96-->src\main\AndroidManifest.xml:81:13-45
97            android:exported="false" >
97-->src\main\AndroidManifest.xml:82:13-37
98        </activity>
99        <activity
99-->src\main\AndroidManifest.xml:84:9-87:20
100            android:name="com.example.pepitalk.ActualizarGrupo"
100-->src\main\AndroidManifest.xml:85:13-44
101            android:exported="false" >
101-->src\main\AndroidManifest.xml:86:13-37
102        </activity>
103        <activity
103-->src\main\AndroidManifest.xml:88:9-91:20
104            android:name="com.example.pepitalk.ActualizarReunion"
104-->src\main\AndroidManifest.xml:89:13-46
105            android:exported="false" >
105-->src\main\AndroidManifest.xml:90:13-37
106        </activity>
107        <activity
107-->src\main\AndroidManifest.xml:92:9-95:20
108            android:name="com.example.pepitalk.AceptarTraductor"
108-->src\main\AndroidManifest.xml:93:13-45
109            android:exported="false" >
109-->src\main\AndroidManifest.xml:94:13-37
110        </activity>
111        <activity
111-->src\main\AndroidManifest.xml:96:9-99:20
112            android:name="com.example.pepitalk.CrearGrupo"
112-->src\main\AndroidManifest.xml:97:13-39
113            android:exported="false" >
113-->src\main\AndroidManifest.xml:98:13-37
114        </activity>
115        <activity
115-->src\main\AndroidManifest.xml:100:9-103:20
116            android:name="com.example.pepitalk.CrearOferta"
116-->src\main\AndroidManifest.xml:101:13-40
117            android:exported="false" >
117-->src\main\AndroidManifest.xml:102:13-37
118        </activity>
119        <activity
119-->src\main\AndroidManifest.xml:104:9-107:20
120            android:name="com.example.pepitalk.CrearReunion"
120-->src\main\AndroidManifest.xml:105:13-41
121            android:exported="false" >
121-->src\main\AndroidManifest.xml:106:13-37
122        </activity>
123        <activity
123-->src\main\AndroidManifest.xml:108:9-111:20
124            android:name="com.example.pepitalk.Calificar"
124-->src\main\AndroidManifest.xml:109:13-38
125            android:exported="false" >
125-->src\main\AndroidManifest.xml:110:13-37
126        </activity>
127        <activity
127-->src\main\AndroidManifest.xml:112:9-115:20
128            android:name="com.example.pepitalk.VerGrupos"
128-->src\main\AndroidManifest.xml:113:13-38
129            android:exported="false" >
129-->src\main\AndroidManifest.xml:114:13-37
130        </activity>
131
132        <provider
132-->[androidx.emoji2:emoji2:1.3.0] AndroidManifest.xml:24:9-32:20
133            android:name="androidx.startup.InitializationProvider"
133-->[androidx.emoji2:emoji2:1.3.0] AndroidManifest.xml:25:13-67
134            android:authorities="com.example.pepitalk.androidx-startup"
134-->[androidx.emoji2:emoji2:1.3.0] AndroidManifest.xml:26:13-68
135            android:exported="false" >
135-->[androidx.emoji2:emoji2:1.3.0] AndroidManifest.xml:27:13-37
136            <meta-data
136-->[androidx.emoji2:emoji2:1.3.0] AndroidManifest.xml:29:13-31:52
137                android:name="androidx.emoji2.text.EmojiCompatInitializer"
137-->[androidx.emoji2:emoji2:1.3.0] AndroidManifest.xml:30:17-75
138                android:value="androidx.startup" />
138-->[androidx.emoji2:emoji2:1.3.0] AndroidManifest.xml:31:17-49
139            <meta-data
139-->[androidx.lifecycle:lifecycle-process:2.6.2] AndroidManifest.xml:29:13-31:52
140                android:name="androidx.lifecycle.ProcessLifecycleInitializer"
140-->[androidx.lifecycle:lifecycle-process:2.6.2] AndroidManifest.xml:30:17-78
141                android:value="androidx.startup" />
141-->[androidx.lifecycle:lifecycle-process:2.6.2] AndroidManifest.xml:31:17-49
142            <meta-data
142-->[androidx.profileinstaller:profileinstaller:1.3.1] AndroidManifest.xml:29:13-31:52
143                android:name="androidx.profileinstaller.ProfileInstallerInitializer"
143-->[androidx.profileinstaller:profileinstaller:1.3.1] AndroidManifest.xml:30:17-85
144                android:value="androidx.startup" />
144-->[androidx.profileinstaller:profileinstaller:1.3.1] AndroidManifest.xml:31:17-49
145        </provider>
146
147        <receiver
147-->[androidx.profileinstaller:profileinstaller:1.3.1] AndroidManifest.xml:34:9-52:20
148            android:name="androidx.profileinstaller.ProfileInstallReceiver"
148-->[androidx.profileinstaller:profileinstaller:1.3.1] AndroidManifest.xml:35:13-76
149            android:directBootAware="false"
149-->[androidx.profileinstaller:profileinstaller:1.3.1] AndroidManifest.xml:36:13-44
150            android:enabled="true"
150-->[androidx.profileinstaller:profileinstaller:1.3.1] AndroidManifest.xml:37:13-35
151            android:exported="true"
151-->[androidx.profileinstaller:profileinstaller:1.3.1] AndroidManifest.xml:38:13-36
152            android:permission="android.permission.DUMP" >
152-->[androidx.profileinstaller:profileinstaller:1.3.1] AndroidManifest.xml:39:13-57
153            <intent-filter>
153-->[androidx.profileinstaller:profileinstaller:1.3.1] AndroidManifest.xml:40:13-42:29
154                <action android:name="androidx.profileinstaller.action.INSTALL_PROFILE" />
154-->[androidx.profileinstaller:profileinstaller:1.3.1] AndroidManifest.xml:41:17-91
154-->[androidx.profileinstaller:profileinstaller:1.3.1] AndroidManifest.xml:41:25-88
155            </intent-filter>
156            <intent-filter>
156-->[androidx.profileinstaller:profileinstaller:1.3.1] AndroidManifest.xml:43:13-45:29
157                <action android:name="androidx.profileinstaller.action.SKIP_FILE" />
157-->[androidx.profileinstaller:profileinstaller:1.3.1] AndroidManifest.xml:44:17-85
157-->[androidx.profileinstaller:profileinstaller:1.3.1] AndroidManifest.xml:44:25-82
158            </intent-filter>
159            <intent-filter>
159-->[androidx.profileinstaller:profileinstaller:1.3.1] AndroidManifest.xml:46:13-48:29
160                <action android:name="androidx.profileinstaller.action.SAVE_PROFILE" />
160-->[androidx.profileinstaller:profileinstaller:1.3.1] AndroidManifest.xml:47:17-88
160-->[androidx.profileinstaller:profileinstaller:1.3.1] AndroidManifest.xml:47:25-85
161            </intent-filter>
162            <intent-filter>
162-->[androidx.profileinstaller:profileinstaller:1.3.1] AndroidManifest.xml:49:13-51:29
163                <action android:name="androidx.profileinstaller.action.BENCHMARK_OPERATION" />
163-->[androidx.profileinstaller:profileinstaller:1.3.1] AndroidManifest.xml:50:17-95
163-->[androidx.profileinstaller:profileinstaller:1.3.1] AndroidManifest.xml:50:25-92
164            </intent-filter>
165        </receiver>
166    </application>
167
168</manifest>